<?xml version="1.0" encoding="UTF-8"?>
<!-- Generated by org.testng.reporters.JUnitReportReporter -->
<testsuite hostname="vijay" failures="0" tests="1" name="com.spurqlabs.test.Calculator_test" time="18.882" errors="0" timestamp="17 Jan 2021 07:40:41 GMT">
  <testcase classname="com.spurqlabs.test.Calculator_test" name="allOprations" time="18.882"/>
</testsuite> <!-- com.spurqlabs.test.Calculator_test -->
